#
# There is insufficient memory for the Java Runtime Environment to continue.
# Native memory allocation (mmap) failed to map 201326592 bytes for G1 virtual space
# Possible reasons:
#   The system is out of physical RAM or swap space
#   The process is running with CompressedOops enabled, and the Java Heap may be blocking the growth of the native heap
# Possible solutions:
#   Reduce memory load on the system
#   Increase physical memory or swap space
#   Check if swap backing store is full
#   Decrease Java heap size (-Xmx/-Xms)
#   Decrease number of Java threads
#   Decrease Java thread stack sizes (-Xss)
#   Set larger code cache with -XX:ReservedCodeCacheSize=
#   JVM is running with Zero Based Compressed Oops mode in which the Java heap is
#     placed in the first 32GB address space. The Java Heap base address is the
#     maximum limit for the native heap growth. Please use -XX:HeapBaseMinAddress
#     to set the Java Heap base and to place the Java Heap above 32GB virtual address.
# This output file may be truncated or incomplete.
#
#  Out of Memory Error (os_windows.cpp:3550), pid=30688, tid=30008
#
# JRE version:  (17.0.6+9) (build )
# Java VM: Java HotSpot(TM) 64-Bit Server VM (17.0.6+9-LTS-190, mixed mode, sharing, tiered, compressed oops, compressed class ptrs, g1 gc, windows-amd64)
# No core dump will be written. Minidumps are not enabled by default on client versions of Windows
#

---------------  S U M M A R Y ------------

Command Line: -Dfile.encoding=UTF-8 --module-path=C:\Users\Azeem\Desktop\tetris\target\classes;C:\Users\Azeem\.m2\repository\org\openjfx\javafx-fxml\11\javafx-fxml-11-win.jar;C:\Users\Azeem\.m2\repository\org\openjfx\javafx-controls\11\javafx-controls-11-win.jar;C:\Users\Azeem\.m2\repository\org\openjfx\javafx-media\11\javafx-media-11-win.jar;C:\Users\Azeem\.m2\repository\org\openjfx\javafx-graphics\11\javafx-graphics-11-win.jar;C:\Users\Azeem\.m2\repository\org\openjfx\javafx-base\11\javafx-base-11-win.jar -XX:+ShowCodeDetailsInExceptionMessages -Djdk.module.main=tetris tetris/tetris.Game earthquake-clean.data.txt perceptron 700 0

Host: Intel(R) Core(TM) i5-4570 CPU @ 3.20GHz, 4 cores, 11G,  Windows 10 , 64 bit Build 19041 (10.0.19041.2546)
Time: Tue Apr 18 07:06:52 2023 Pakistan Standard Time elapsed time: 0.052870 seconds (0d 0h 0m 0s)

---------------  T H R E A D  ---------------

Current thread (0x00000192ed030070):  JavaThread "Unknown thread" [_thread_in_vm, id=30008, stack(0x000000276b700000,0x000000276b800000)]

Stack: [0x000000276b700000,0x000000276b800000]
Native frames: (J=compiled Java code, j=interpreted, Vv=VM code, C=native code)
V  [jvm.dll+0x6734ea]
V  [jvm.dll+0x7d18f4]
V  [jvm.dll+0x7d309e]
V  [jvm.dll+0x7d3703]
V  [jvm.dll+0x2433c5]
V  [jvm.dll+0x6703f9]
V  [jvm.dll+0x664d32]
V  [jvm.dll+0x300086]
V  [jvm.dll+0x307606]
V  [jvm.dll+0x356c1e]
V  [jvm.dll+0x356e4f]
V  [jvm.dll+0x2d72e8]
V  [jvm.dll+0x2d8254]
V  [jvm.dll+0x7a33b1]
V  [jvm.dll+0x3647f1]
V  [jvm.dll+0x782839]
V  [jvm.dll+0x3e757f]
V  [jvm.dll+0x3e9001]
C  [jli.dll+0x5297]
C  [ucrtbase.dll+0x21bb2]
C  [KERNEL32.DLL+0x17614]
C  [ntdll.dll+0x526a1]


---------------  P R O C E S S  ---------------

Threads class SMR info:
_java_thread_list=0x00007ffeea39e958, length=0, elements={
}

Java Threads: ( => current thread )

Other Threads:
  0x00000192ed08a1b0 GCTaskThread "GC Thread#0" [stack: 0x000000276b800000,0x000000276b900000] [id=28776]
  0x00000192ed098890 ConcurrentGCThread "G1 Main Marker" [stack: 0x000000276b900000,0x000000276ba00000] [id=29216]
  0x00000192ed0991b0 ConcurrentGCThread "G1 Conc#0" [stack: 0x000000276ba00000,0x000000276bb00000] [id=28256]

[error occurred during error reporting (printing all threads), id 0xc0000005, EXCEPTION_ACCESS_VIOLATION (0xc0000005) at pc=0x00007ffee9bd7f07]

VM state: not at safepoint (not fully initialized)

VM Mutex/Monitor currently owned by a thread:  ([mutex/lock_event])
[0x00000192ed02ba30] Heap_lock - owner thread: 0x00000192ed030070

Heap address: 0x0000000741200000, size: 3054 MB, Compressed Oops mode: Zero based, Oop shift amount: 3

CDS archive(s) mapped at: [0x0000000000000000-0x0000000000000000-0x0000000000000000), size 0, SharedBaseAddress: 0x0000000800000000, ArchiveRelocationMode: 0.
Narrow klass base: 0x0000000000000000, Narrow klass shift: 0, Narrow klass range: 0x0

GC Precious Log:
<Empty>

Heap:
 garbage-first heap   total 0K, used 0K [0x0000000741200000, 0x0000000800000000)
  region size 2048K, 0 young (0K), 0 survivors (0K)

[error occurred during error reporting (printing heap information), id 0xc0000005, EXCEPTION_ACCESS_VIOLATION (0xc0000005) at pc=0x00007ffee9fbc759]

GC Heap History (0 events):
No events

Deoptimization events (0 events):
No events

Classes unloaded (0 events):
No events

Classes redefined (0 events):
No events

Internal exceptions (0 events):
No events

VM Operations (0 events):
No events

Events (1 events):
Event: 0.006 Loaded shared library C:\Program Files\Java\jdk-17\bin\java.dll


Dynamic libraries:
0x00007ff750b90000 - 0x00007ff750ba0000 	C:\Program Files\Java\jdk-17\bin\javaw.exe
0x00007fff77df0000 - 0x00007fff77fe8000 	C:\Windows\SYSTEM32\ntdll.dll
0x00007fff76ba0000 - 0x00007fff76c5f000 	C:\Windows\System32\KERNEL32.DLL
0x00007fff758f0000 - 0x00007fff75bc2000 	C:\Windows\System32\KERNELBASE.dll
0x00007fff755e0000 - 0x00007fff756e0000 	C:\Windows\System32\ucrtbase.dll
0x00007fff590b0000 - 0x00007fff590c8000 	C:\Program Files\Java\jdk-17\bin\jli.dll
0x00007fff564e0000 - 0x00007fff564fb000 	C:\Program Files\Java\jdk-17\bin\VCRUNTIME140.dll
0x00007fff76af0000 - 0x00007fff76b9e000 	C:\Windows\System32\ADVAPI32.dll
0x00007fff779f0000 - 0x00007fff77a8e000 	C:\Windows\System32\msvcrt.dll
0x00007fff77950000 - 0x00007fff779ec000 	C:\Windows\System32\sechost.dll
0x00007fff77750000 - 0x00007fff77874000 	C:\Windows\System32\RPCRT4.dll
0x00007fff77120000 - 0x00007fff772c1000 	C:\Windows\System32\USER32.dll
0x00007fff686c0000 - 0x00007fff6895a000 	C:\Windows\WinSxS\amd64_microsoft.windows.common-controls_6595b64144ccf1df_6.0.19041.1110_none_60b5254171f9507e\COMCTL32.dll
0x00007fff754f0000 - 0x00007fff75512000 	C:\Windows\System32\win32u.dll
0x00007fff77d80000 - 0x00007fff77dab000 	C:\Windows\System32\GDI32.dll
0x00007fff75d30000 - 0x00007fff75e3f000 	C:\Windows\System32\gdi32full.dll
0x00007fff75bd0000 - 0x00007fff75c6d000 	C:\Windows\System32\msvcp_win.dll
0x00007fff70bb0000 - 0x00007fff70bba000 	C:\Windows\SYSTEM32\VERSION.dll
0x00007fff77920000 - 0x00007fff77950000 	C:\Windows\System32\IMM32.DLL
0x00007fff63690000 - 0x00007fff6369c000 	C:\Program Files\Java\jdk-17\bin\vcruntime140_1.dll
0x00007ffef8600000 - 0x00007ffef868e000 	C:\Program Files\Java\jdk-17\bin\msvcp140.dll
0x00007ffee98f0000 - 0x00007ffeea4c7000 	C:\Program Files\Java\jdk-17\bin\server\jvm.dll
0x00007fff77090000 - 0x00007fff77098000 	C:\Windows\System32\PSAPI.DLL
0x00007fff6c560000 - 0x00007fff6c587000 	C:\Windows\SYSTEM32\WINMM.dll
0x00007fff726d0000 - 0x00007fff726d9000 	C:\Windows\SYSTEM32\WSOCK32.dll
0x00007fff76fc0000 - 0x00007fff7702b000 	C:\Windows\System32\WS2_32.dll
0x00007fff733d0000 - 0x00007fff733e2000 	C:\Windows\SYSTEM32\kernel.appcore.dll
0x00007fff726c0000 - 0x00007fff726ca000 	C:\Program Files\Java\jdk-17\bin\jimage.dll
0x00007fff6fa70000 - 0x00007fff6fc54000 	C:\Windows\SYSTEM32\DBGHELP.DLL
0x00007fff6fa30000 - 0x00007fff6fa65000 	C:\Windows\SYSTEM32\dbgcore.DLL
0x00007fff75520000 - 0x00007fff755a2000 	C:\Windows\System32\bcryptPrimitives.dll
0x00007fff59070000 - 0x00007fff59095000 	C:\Program Files\Java\jdk-17\bin\java.dll

dbghelp: loaded successfully - version: 4.0.5 - missing functions: none
symbol engine: initialized successfully - sym options: 0x614 - pdb path: .;C:\Program Files\Java\jdk-17\bin;C:\Windows\SYSTEM32;C:\Windows\WinSxS\amd64_microsoft.windows.common-controls_6595b64144ccf1df_6.0.19041.1110_none_60b5254171f9507e;C:\Program Files\Java\jdk-17\bin\server

VM Arguments:
jvm_args: -Dfile.encoding=UTF-8 --module-path=C:\Users\Azeem\Desktop\tetris\target\classes;C:\Users\Azeem\.m2\repository\org\openjfx\javafx-fxml\11\javafx-fxml-11-win.jar;C:\Users\Azeem\.m2\repository\org\openjfx\javafx-controls\11\javafx-controls-11-win.jar;C:\Users\Azeem\.m2\repository\org\openjfx\javafx-media\11\javafx-media-11-win.jar;C:\Users\Azeem\.m2\repository\org\openjfx\javafx-graphics\11\javafx-graphics-11-win.jar;C:\Users\Azeem\.m2\repository\org\openjfx\javafx-base\11\javafx-base-11-win.jar -XX:+ShowCodeDetailsInExceptionMessages -Djdk.module.main=tetris 
java_command: tetris/tetris.Game earthquake-clean.data.txt perceptron 700 0
java_class_path (initial): C:\Users\Azeem\.m2\repository\org\openjfx\javafx-fxml\11\javafx-fxml-11.jar;C:\Users\Azeem\.m2\repository\org\openjfx\javafx-controls\11\javafx-controls-11.jar;C:\Users\Azeem\.m2\repository\org\openjfx\javafx-media\11\javafx-media-11.jar;C:\Users\Azeem\.m2\repository\org\openjfx\javafx-graphics\11\javafx-graphics-11.jar;C:\Users\Azeem\.m2\repository\org\openjfx\javafx-base\11\javafx-base-11.jar
Launcher Type: SUN_STANDARD

[Global flags]
     intx CICompilerCount                          = 3                                         {product} {ergonomic}
     uint ConcGCThreads                            = 1                                         {product} {ergonomic}
     uint G1ConcRefinementThreads                  = 4                                         {product} {ergonomic}
   size_t G1HeapRegionSize                         = 2097152                                   {product} {ergonomic}
    uintx GCDrainStackTargetSize                   = 64                                        {product} {ergonomic}
   size_t InitialHeapSize                          = 201326592                                 {product} {ergonomic}
   size_t MarkStackSize                            = 4194304                                   {product} {ergonomic}
   size_t MaxHeapSize                              = 3202351104                                {product} {ergonomic}
   size_t MinHeapDeltaBytes                        = 2097152                                   {product} {ergonomic}
   size_t MinHeapSize                              = 8388608                                   {product} {ergonomic}
    uintx NonNMethodCodeHeapSize                   = 5832780                                {pd product} {ergonomic}
    uintx NonProfiledCodeHeapSize                  = 122912730                              {pd product} {ergonomic}
    uintx ProfiledCodeHeapSize                     = 122912730                              {pd product} {ergonomic}
    uintx ReservedCodeCacheSize                    = 251658240                              {pd product} {ergonomic}
     bool SegmentedCodeCache                       = true                                      {product} {ergonomic}
     bool ShowCodeDetailsInExceptionMessages       = true                                   {manageable} {command line}
   size_t SoftMaxHeapSize                          = 3202351104                             {manageable} {ergonomic}
     bool UseCompressedClassPointers               = true                           {product lp64_product} {ergonomic}
     bool UseCompressedOops                        = true                           {product lp64_product} {ergonomic}
     bool UseG1GC                                  = true                                      {product} {ergonomic}
     bool UseLargePagesIndividualAllocation        = false                                  {pd product} {ergonomic}

Logging:
Log output configuration:
 #0: stdout all=warning uptime,level,tags
 #1: stderr all=off uptime,level,tags

Environment Variables:
PATH=C:/Program Files/Java/jdk-17/bin/server;C:/Program Files/Java/jdk-17/bin;C:\Program Files\Common Files\Oracle\Java\javapath;C:\Windows\system32;C:\Windows;C:\Windows\System32\Wbem;C:\Windows\System32\WindowsPowerShell\v1.0\;C:\Windows\System32\OpenSSH\;C:\Program Files\dotnet\;C:\Program Files\Git\cmd;C:\xampp\php;C:\ProgramData\ComposerSetup\bin;C:\Program Files\Microsoft SQL Server\150\Tools\Binn\;C:\Program Files\Microsoft SQL Server\Client SDK\ODBC\170\Tools\Binn\;C:\cmake-3.26.3-windows-x86_64\bin;C:\MinGW\bin;C:\Program Files (x86)\Windows Kits\10\Windows Performance Toolkit\;C:\Users\Azeem\AppData\Local\Programs\Python\Python310\Scripts\;C:\Users\Azeem\AppData\Local\Programs\Python\Python310\;C:\Users\Azeem\AppData\Local\Microsoft\WindowsApps;C:\Users\Azeem\.dotnet\tools;C:\flutter\bin;C:\Users\Azeem\AppData\Local\Programs\Microsoft VS Code\bin;C:\Program Files\JetBrains\IntelliJ IDEA Community Edition 2022.3.3\bin;;C:\xampp\mysql\bin;C:\Users\Azeem\AppData\Roaming\Composer\vendor\bin;C:\Users\Azeem\Desktop;
USERNAME=Azeem
OS=Windows_NT
PROCESSOR_IDENTIFIER=Intel64 Family 6 Model 60 Stepping 3, GenuineIntel



---------------  S Y S T E M  ---------------

OS:
 Windows 10 , 64 bit Build 19041 (10.0.19041.2546)
OS uptime: 0 days 8:19 hours

CPU: total 4 (initial active 4) (4 cores per cpu, 1 threads per core) family 6 model 60 stepping 3 microcode 0x28, cx8, cmov, fxsr, mmx, sse, sse2, sse3, ssse3, sse4.1, sse4.2, popcnt, lzcnt, tsc, tscinvbit, avx, avx2, aes, erms, clmul, bmi1, bmi2, fma, vzeroupper, clflush

Memory: 4k page, system-wide physical 12211M (1457M free)
TotalPageFile size 45961M (AvailPageFile size 166M)
current process WorkingSet (physical memory assigned to process): 10M, peak: 10M
current process commit charge ("private bytes"): 51M, peak: 243M

vm_info: Java HotSpot(TM) 64-Bit Server VM (17.0.6+9-LTS-190) for windows-amd64 JRE (17.0.6+9-LTS-190), built on Dec  6 2022 15:53:54 by "mach5one" with MS VC++ 17.1 (VS2022)

END.
